0 info it worked if it ends with ok
1 verbose cli [ 'C:\\Program Files\\nodejs\\node.exe',
1 verbose cli   'C:\\Program Files\\nodejs\\node_modules\\npm\\bin\\npm-cli.js',
1 verbose cli   'run',
1 verbose cli   'test-once' ]
2 info using npm@3.10.3
3 info using node@v6.3.1
4 verbose run-script [ 'pretest-once', 'test-once', 'posttest-once' ]
5 info lifecycle angular2-quickstart@1.0.0~pretest-once: angular2-quickstart@1.0.0
6 silly lifecycle angular2-quickstart@1.0.0~pretest-once: no script for pretest-once, continuing
7 info lifecycle angular2-quickstart@1.0.0~test-once: angular2-quickstart@1.0.0
8 verbose lifecycle angular2-quickstart@1.0.0~test-once: unsafe-perm in lifecycle true
9 verbose lifecycle angular2-quickstart@1.0.0~test-once: PATH: C:\Program Files\nodejs\node_modules\npm\bin\node-gyp-bin;C:\Users\moop\dev\bomberwalk-angular2\node_modules\.bin;C:\Program Files\nodejs;C:\Users\moop\bin;C:\Program Files\Git\mingw64\bin;C:\Program Files\Git\usr\local\bin;C:\Program Files\Git\usr\bin;C:\Program Files\Git\usr\bin;C:\Program Files\Git\mingw64\bin;C:\Program Files\Git\usr\bin;C:\Users\moop\bin;C:\Program Files (x86)\Razer Chroma SDK\bin;C:\Program Files\Razer Chroma SDK\bin;C:\Windows\system32;C:\Windows;C:\Windows\System32\Wbem;C:\Windows\System32\WindowsPowerShell\v1.0;C:\Program Files (x86)\NVIDIA Corporation\PhysX\Common;C:\ProgramData\chocolatey\bin;C:\Program Files (x86)\Livestreamer;C:\Program Files\Git\cmd;C:\Program Files (x86)\DOSBox-0.74;C:\Users\moop\.dnx\bin;C:\Program Files\Microsoft DNX\Dnvm;C:\Program Files (x86)\Windows Kits\8.1\Windows Performance Toolkit;C:\Program Files\Microsoft SQL Server\130\Tools\Binn;C:\Program Files (x86)\Calibre2;C:\Program Files\nodejs;C:\Users\moop\AppData\Local\Programs\Python\Python35-32\Scripts;C:\Users\moop\AppData\Local\Programs\Python\Python35-32;C:\Program Files (x86)\Microsoft VS Code\bin;C:\Users\moop\AppData\Roaming\npm;C:\Program Files\Git\usr\bin\vendor_perl;C:\Program Files\Git\usr\bin\core_perl
10 verbose lifecycle angular2-quickstart@1.0.0~test-once: CWD: C:\Users\moop\dev\bomberwalk-angular2
11 silly lifecycle angular2-quickstart@1.0.0~test-once: Args: [ '/d /s /c', 'tsc && karma start karma.conf.js --single-run' ]
12 silly lifecycle angular2-quickstart@1.0.0~test-once: Returned: code: 2  signal: null
13 info lifecycle angular2-quickstart@1.0.0~test-once: Failed to exec test-once script
14 verbose stack Error: angular2-quickstart@1.0.0 test-once: `tsc && karma start karma.conf.js --single-run`
14 verbose stack Exit status 2
14 verbose stack     at EventEmitter.<anonymous> (C:\Program Files\nodejs\node_modules\npm\lib\utils\lifecycle.js:242:16)
14 verbose stack     at emitTwo (events.js:106:13)
14 verbose stack     at EventEmitter.emit (events.js:191:7)
14 verbose stack     at ChildProcess.<anonymous> (C:\Program Files\nodejs\node_modules\npm\lib\utils\spawn.js:40:14)
14 verbose stack     at emitTwo (events.js:106:13)
14 verbose stack     at ChildProcess.emit (events.js:191:7)
14 verbose stack     at maybeClose (internal/child_process.js:852:16)
14 verbose stack     at Process.ChildProcess._handle.onexit (internal/child_process.js:215:5)
15 verbose pkgid angular2-quickstart@1.0.0
16 verbose cwd C:\Users\moop\dev\bomberwalk-angular2
17 error Windows_NT 10.0.10586
18 error argv "C:\\Program Files\\nodejs\\node.exe" "C:\\Program Files\\nodejs\\node_modules\\npm\\bin\\npm-cli.js" "run" "test-once"
19 error node v6.3.1
20 error npm  v3.10.3
21 error code ELIFECYCLE
22 error angular2-quickstart@1.0.0 test-once: `tsc && karma start karma.conf.js --single-run`
22 error Exit status 2
23 error Failed at the angular2-quickstart@1.0.0 test-once script 'tsc && karma start karma.conf.js --single-run'.
23 error Make sure you have the latest version of node.js and npm installed.
23 error If you do, this is most likely a problem with the angular2-quickstart package,
23 error not with npm itself.
23 error Tell the author that this fails on your system:
23 error     tsc && karma start karma.conf.js --single-run
23 error You can get information on how to open an issue for this project with:
23 error     npm bugs angular2-quickstart
23 error Or if that isn't available, you can get their info via:
23 error     npm owner ls angular2-quickstart
23 error There is likely additional logging output above.
24 verbose exit [ 1, true ]
